Choose log output:
1) Console and file
2) File only
[2025-09-18 16:17:15] [INFO] Logging to: logs/pipeline_20250918_161715_full_log.log
[2025-09-18 16:17:15] [INFO] ===== Script started at: Thu Sep 18 16:17:15 CST 2025 =====
[2025-09-18 16:17:15] [INFO] Ensuring conda environment 'GEA_ENV' and required tools...
[2025-09-18 16:17:24] [INFO] Using conda env: GEA_ENV (/home/mark20/miniconda3/envs/GEA_ENV)
[2025-09-18 16:17:24] [INFO] ===== STEP 00: Download SRR files =====
[2025-09-18 16:17:24] [INFO] Working on SRR3884679.
[2025-09-18 16:17:24] [INFO] Raw fastq files for SRR3884679 already exist. Skipping download.
[2025-09-18 16:17:24] [INFO] Done working on SRR3884679.
[2025-09-18 16:17:24] [INFO] -------------------------
[2025-09-18 16:17:24] [INFO] ===== STEP 01: Trimming =====
[2025-09-18 16:17:24] [INFO] Trimmed files for SRR3884679 already exist. Skipping trimming.
[2025-09-18 16:17:24] [INFO] ===== STEP 02: Build HISAT2 index and align =====
[2025-09-18 16:17:24] [INFO] HISAT2 index already exists at 02_HISAT2/index for TEST.fa. Skipping build.
[2025-09-18 16:17:24] [INFO] Aligning TEST with SRR3884679...
Command terminated by signal 2
	Command being timed: "./02_GEA_script_v9_function_based.sh"
	User time (seconds): 192.74
	System time (seconds): 214.62
	Percent of CPU