[2025-09-18 16:17:15] [INFO] Logging to: logs/pipeline_20250918_161715_full_log.log
[2025-09-18 16:17:15] [INFO] ===== Script started at: Thu Sep 18 16:17:15 CST 2025 =====
[2025-09-18 16:17:15] [INFO] Ensuring conda environment 'GEA_ENV' and required tools...
[2025-09-18 16:17:24] [INFO] Using conda env: GEA_ENV (/home/mark20/miniconda3/envs/GEA_ENV)
[2025-09-18 16:17:24] [INFO] ===== STEP 00: Download SRR files =====
[2025-09-18 16:17:24] [INFO] Working on SRR3884679.
[2025-09-18 16:17:24] [INFO] Raw fastq files for SRR3884679 already exist. Skipping download.
[2025-09-18 16:17:24] [INFO] Done working on SRR3884679.
[2025-09-18 16:17:24] [INFO] -------------------------
[2025-09-18 16:17:24] [INFO] ===== STEP 01: Trimming =====
[2025-09-18 16:17:24] [INFO] Trimmed files for SRR3884679 already exist. Skipping trimming.
[2025-09-18 16:17:24] [INFO] ===== STEP 02: Build HISAT2 index and align =====
[2025-09-18 16:17:24] [INFO] HISAT2 index already exists at 02_HISAT2/index for TEST.fa. Skipping build.
[2025-09-18 16:17:24] [INFO] Aligning TEST with SRR3884679...
(ERR): hisat2-align died with signal 2 (INT) 
Command terminated by signal 2
	Command being timed: "hisat2 -p 4 --dta -x 02_HISAT2/index/TEST_index -1 01_Trimmed_TrimGalore_Ver/PRJNA328564/SRR3884679/SRR3884679_1_val_1.fq -2 01_Trimmed_TrimGalore_Ver/PRJNA328564/SRR3884679/SRR3884679_2_val_2.fq -S 02_HISAT2/TrimGalore_Ver/TEST/SRR3884679/SRR3884679_TEST_trimmed_mapped.sam"
	User time (seconds): 190.21
	System time (seconds): 209.70
	Percent of CPU this job got: 311%
	Elapsed (wall clock) time (h:mm:ss or m:ss): 2:08.40
	Average shared text size (kbytes): 0
	Average unshared data s